<?xml version="1.0" encoding="UTF-8"?>
<beans xmlns="http://www.springframework.org/schema/beans"
       xmlns:xsi="http://www.w3.org/2001/XMLSchema-instance"
       xmlns:aop="http://www.springframework.org/schema/aop"
       xsi:schemaLocation="http://www.springframework.org/schema/beans
						http://www.springframework.org/schema/beans/spring-beans-3.0.xsd
						http://www.springframework.org/schema/aop
						http://www.springframework.org/schema/aop/spring-aop-3.0.xsd"
>
    <bean id="dataSource" class="org.springframework.jdbc.datasource.SingleConnectionDataSource">
<!--        <property name="driverClass" value="com.mysql.cj.jdbc.Driver" />-->
        <property name="url" value="jdbc:mysql://localhost/testdb?useUnicode=true&amp;useJDBCCompliantTimezoneShift=true&amp;useLegacyDatetimeCode=false&amp;serverTimezone=UTC&amp;useSSL=false&amp;allowPublicKeyRetrieval=true" />
        <property name="username" value="spring" />
        <property name="password" value="book" />
        <property name="suppressClose" value="true" />
    </bean>

    <bean id="userDao" class="springbook.user.dao.UserDaoJdbc">
        <property name="dataSource" ref="dataSource" />
    </bean>
    <bean id="userService" class="springbook.user.service.UserServiceImpl">
        <property name="userDao" ref="userDao" />
    </bean>
    <bean id="testUserService" class="springbook.user.service.UserServiceTest$TestUserServiceImpl"
          parent="userService" />
    <bean id="transactionManager" class="org.springframework.jdbc.datasource.DataSourceTransactionManager">
        <property name="dataSource" ref="dataSource" />
    </bean>

    <aop:config>
        <aop:advisor advice-ref="transactionAdvice" pointcut="execution(* *..*ServiceImpl.upgrade*(..))"/>
    </aop:config>
    <bean id="transactionAdvice" class="org.springframework.transaction.interceptor.TransactionInterceptor">
        <property name="transactionManager" ref="transactionManager" />
        <property name="transactionAttributes">
<!--            속성 규칙 : PROPAGATION_NAME, ISOLATION_NAME, readOnly, timeout_NNNN, -Exception1, +Exception2-->
            <props>
                <prop key="get*">PROPAGATION_REQUIRED,readOnly,timeout_30</prop>
                <prop key="upgrade*">PROPAGATION_REQUIREDS_NEW,ISOLATION_SERIALIZABLE</prop>
                <prop key="*">PROPAGATION_REQUIRED</prop>
            </props>
        </property>
    </bean>
</beans>
