<?xml version="1.0" encoding="UTF-8"?>
<beans xmlns="http://www.springframework.org/schema/beans"
       xmlns:xsi="http://www.w3.org/2001/XMLSchema-instance"
       xsi:schemaLocation="http://www.springframework.org/schema/beans
						http://www.springframework.org/schema/beans/spring-beans-3.0.xsd">
    <bean id="dataSource" class="org.springframework.jdbc.datasource.SingleConnectionDataSource">
<!--        <property name="driverClass" value="com.mysql.cj.jdbc.Driver" />-->
        <property name="url" value="jdbc:mysql://localhost/testdb?useUnicode=true&amp;useJDBCCompliantTimezoneShift=true&amp;useLegacyDatetimeCode=false&amp;serverTimezone=UTC&amp;useSSL=false" />
        <property name="username" value="spring" />
        <property name="password" value="book" />
        <property name="suppressClose" value="true" />
    </bean>

    <bean id="userService" class="springbook.user.service.UserServiceImpl">
        <property name="userDao" ref="userDao"/>
    </bean>

    <bean id="userDao" class="springbook.user.dao.UserDaoJdbc">
        <property name="dataSource" ref="dataSource" />
    </bean>
    <bean id="userService" class="springbook.user.service.UserServiceTx">
        <property name="transactionManager" ref="transactionManager" />
        <property name="userService" ref="userServiceImpl" />
    </bean>
    <bean id="userServiceImpl" class="springbook.user.service.UserServiceImpl">
        <property name="userDao" ref="userDao" />
    </bean>
    <bean id="transactionManager" class="org.springframework.jdbc.datasource.DataSourceTransactionManager">
        <property name="dataSource" ref="dataSource" />
    </bean>
</beans>
